#! /usr/bin/vvp
:ivl_version "11.0 (stable)";
:ivl_delay_selection "TYPICAL";
:vpi_time_precision - 12;
:vpi_module "/usr/lib/x86_64-linux-gnu/ivl/system.vpi";
:vpi_module "/usr/lib/x86_64-linux-gnu/ivl/vhdl_sys.vpi";
:vpi_module "/usr/lib/x86_64-linux-gnu/ivl/vhdl_textio.vpi";
:vpi_module "/usr/lib/x86_64-linux-gnu/ivl/v2005_math.vpi";
:vpi_module "/usr/lib/x86_64-linux-gnu/ivl/va_math.vpi";
S_0x620392860270 .scope module, "tb_adders" "tb_adders" 2 3;
 .timescale -9 -12;
v0x62039287bc50_0 .var "A", 0 0;
v0x62039287bd10_0 .var "B", 0 0;
v0x62039287bdd0_0 .net "Carry_FA", 0 0, L_0x62039287c6d0;  1 drivers
v0x62039287bea0_0 .net "Carry_HA", 0 0, L_0x62039287c300;  1 drivers
v0x62039287bf70_0 .var "Cin", 0 0;
v0x62039287c0b0_0 .net "Sum_FA", 0 0, L_0x62039287c470;  1 drivers
v0x62039287c1a0_0 .net "Sum_HA", 0 0, L_0x62039287c240;  1 drivers
S_0x620392860400 .scope module, "FA" "full_adder" 2 12, 3 2 0, S_0x620392860270;
 .timescale 0 0;
    .port_info 0 /INPUT 1 "A";
    .port_info 1 /INPUT 1 "B";
    .port_info 2 /INPUT 1 "Cin";
    .port_info 3 /OUTPUT 1 "Sum";
    .port_info 4 /OUTPUT 1 "Cout";
L_0x62039287c6d0 .functor OR 1, L_0x62039287c3e0, L_0x62039287c5b0, C4<0>, C4<0>;
v0x62039287af90_0 .net "A", 0 0, v0x62039287bc50_0;  1 drivers
v0x62039287b050_0 .net "B", 0 0, v0x62039287bd10_0;  1 drivers
v0x62039287b120_0 .net "C1", 0 0, L_0x62039287c3e0;  1 drivers
v0x62039287b220_0 .net "C2", 0 0, L_0x62039287c5b0;  1 drivers
v0x62039287b2f0_0 .net "Cin", 0 0, v0x62039287bf70_0;  1 drivers
v0x62039287b3e0_0 .net "Cout", 0 0, L_0x62039287c6d0;  alias, 1 drivers
v0x62039287b480_0 .net "S1", 0 0, L_0x62039287c370;  1 drivers
v0x62039287b570_0 .net "Sum", 0 0, L_0x62039287c470;  alias, 1 drivers
S_0x62039285dff0 .scope module, "HA1" "half_adder" 3 9, 4 2 0, S_0x620392860400;
 .timescale 0 0;
    .port_info 0 /INPUT 1 "A";
    .port_info 1 /INPUT 1 "B";
    .port_info 2 /OUTPUT 1 "Sum";
    .port_info 3 /OUTPUT 1 "Carry";
L_0x62039287c370 .functor XOR 1, v0x62039287bc50_0, v0x62039287bd10_0, C4<0>, C4<0>;
L_0x62039287c3e0 .functor AND 1, v0x62039287bc50_0, v0x62039287bd10_0, C4<1>, C4<1>;
v0x62039285e1d0_0 .net "A", 0 0, v0x62039287bc50_0;  alias, 1 drivers
v0x62039287a770_0 .net "B", 0 0, v0x62039287bd10_0;  alias, 1 drivers
v0x62039287a830_0 .net "Carry", 0 0, L_0x62039287c3e0;  alias, 1 drivers
v0x62039287a8d0_0 .net "Sum", 0 0, L_0x62039287c370;  alias, 1 drivers
S_0x62039287aa10 .scope module, "HA2" "half_adder" 3 10, 4 2 0, S_0x620392860400;
 .timescale 0 0;
    .port_info 0 /INPUT 1 "A";
    .port_info 1 /INPUT 1 "B";
    .port_info 2 /OUTPUT 1 "Sum";
    .port_info 3 /OUTPUT 1 "Carry";
L_0x62039287c470 .functor XOR 1, L_0x62039287c370, v0x62039287bf70_0, C4<0>, C4<0>;
L_0x62039287c5b0 .functor AND 1, L_0x62039287c370, v0x62039287bf70_0, C4<1>, C4<1>;
v0x62039287ac10_0 .net "A", 0 0, L_0x62039287c370;  alias, 1 drivers
v0x62039287acb0_0 .net "B", 0 0, v0x62039287bf70_0;  alias, 1 drivers
v0x62039287ad50_0 .net "Carry", 0 0, L_0x62039287c5b0;  alias, 1 drivers
v0x62039287ae20_0 .net "Sum", 0 0, L_0x62039287c470;  alias, 1 drivers
S_0x62039287b640 .scope module, "HA" "half_adder" 2 9, 4 2 0, S_0x620392860270;
 .timescale 0 0;
    .port_info 0 /INPUT 1 "A";
    .port_info 1 /INPUT 1 "B";
    .port_info 2 /OUTPUT 1 "Sum";
    .port_info 3 /OUTPUT 1 "Carry";
L_0x62039287c240 .functor XOR 1, v0x62039287bc50_0, v0x62039287bd10_0, C4<0>, C4<0>;
L_0x62039287c300 .functor AND 1, v0x62039287bc50_0, v0x62039287bd10_0, C4<1>, C4<1>;
v0x62039287b890_0 .net "A", 0 0, v0x62039287bc50_0;  alias, 1 drivers
v0x62039287b980_0 .net "B", 0 0, v0x62039287bd10_0;  alias, 1 drivers
v0x62039287ba90_0 .net "Carry", 0 0, L_0x62039287c300;  alias, 1 drivers
v0x62039287bb30_0 .net "Sum", 0 0, L_0x62039287c240;  alias, 1 drivers
    .scope S_0x620392860270;
T_0 ;
    %vpi_call 2 15 "$display", "A B Cin | HalfAdder(Sum Carry) | FullAdder(Sum Cout)" {0 0 0};
    %vpi_call 2 16 "$monitor", "%b %b %b |        %b      %b       |        %b      %b", v0x62039287bc50_0, v0x62039287bd10_0, v0x62039287bf70_0, v0x62039287c1a0_0, v0x62039287bea0_0, v0x62039287c0b0_0, v0x62039287bdd0_0 {0 0 0};
    %pushi/vec4 0, 0, 1;
    %store/vec4 v0x62039287bc50_0, 0, 1;
    %pushi/vec4 0, 0, 1;
    %store/vec4 v0x62039287bd10_0, 0, 1;
    %pushi/vec4 0, 0, 1;
    %store/vec4 v0x62039287bf70_0, 0, 1;
    %delay 10000, 0;
    %pushi/vec4 0, 0, 1;
    %store/vec4 v0x62039287bc50_0, 0, 1;
    %pushi/vec4 1, 0, 1;
    %store/vec4 v0x62039287bd10_0, 0, 1;
    %pushi/vec4 0, 0, 1;
    %store/vec4 v0x62039287bf70_0, 0, 1;
    %delay 10000, 0;
    %pushi/vec4 1, 0, 1;
    %store/vec4 v0x62039287bc50_0, 0, 1;
    %pushi/vec4 0, 0, 1;
    %store/vec4 v0x62039287bd10_0, 0, 1;
    %pushi/vec4 0, 0, 1;
    %store/vec4 v0x62039287bf70_0, 0, 1;
    %delay 10000, 0;
    %pushi/vec4 1, 0, 1;
    %store/vec4 v0x62039287bc50_0, 0, 1;
    %pushi/vec4 1, 0, 1;
    %store/vec4 v0x62039287bd10_0, 0, 1;
    %pushi/vec4 0, 0, 1;
    %store/vec4 v0x62039287bf70_0, 0, 1;
    %delay 10000, 0;
    %pushi/vec4 0, 0, 1;
    %store/vec4 v0x62039287bc50_0, 0, 1;
    %pushi/vec4 0, 0, 1;
    %store/vec4 v0x62039287bd10_0, 0, 1;
    %pushi/vec4 1, 0, 1;
    %store/vec4 v0x62039287bf70_0, 0, 1;
    %delay 10000, 0;
    %pushi/vec4 0, 0, 1;
    %store/vec4 v0x62039287bc50_0, 0, 1;
    %pushi/vec4 1, 0, 1;
    %store/vec4 v0x62039287bd10_0, 0, 1;
    %pushi/vec4 1, 0, 1;
    %store/vec4 v0x62039287bf70_0, 0, 1;
    %delay 10000, 0;
    %pushi/vec4 1, 0, 1;
    %store/vec4 v0x62039287bc50_0, 0, 1;
    %pushi/vec4 0, 0, 1;
    %store/vec4 v0x62039287bd10_0, 0, 1;
    %pushi/vec4 1, 0, 1;
    %store/vec4 v0x62039287bf70_0, 0, 1;
    %delay 10000, 0;
    %pushi/vec4 1, 0, 1;
    %store/vec4 v0x62039287bc50_0, 0, 1;
    %pushi/vec4 1, 0, 1;
    %store/vec4 v0x62039287bd10_0, 0, 1;
    %pushi/vec4 1, 0, 1;
    %store/vec4 v0x62039287bf70_0, 0, 1;
    %delay 10000, 0;
    %vpi_call 2 28 "$finish" {0 0 0};
    %end;
    .thread T_0;
# The file index is used to find the file name in the following table.
:file_names 5;
    "N/A";
    "<interactive>";
    "tb_adders.v";
    "full_adder.v";
    "half_adder.v";
