#! /usr/bin/vvp
:ivl_version "11.0 (stable)";
:ivl_delay_selection "TYPICAL";
:vpi_time_precision - 12;
:vpi_module "/usr/lib/x86_64-linux-gnu/ivl/system.vpi";
:vpi_module "/usr/lib/x86_64-linux-gnu/ivl/vhdl_sys.vpi";
:vpi_module "/usr/lib/x86_64-linux-gnu/ivl/vhdl_textio.vpi";
:vpi_module "/usr/lib/x86_64-linux-gnu/ivl/v2005_math.vpi";
:vpi_module "/usr/lib/x86_64-linux-gnu/ivl/va_math.vpi";
S_0x5677ce96c790 .scope module, "tb_fulladder" "tb_fulladder" 2 4;
 .timescale -9 -12;
v0x5677ce988d00_0 .var "A", 0 0;
v0x5677ce988dc0_0 .var "B", 0 0;
v0x5677ce988e90_0 .var "Cin", 0 0;
v0x5677ce988f90_0 .net "Cout", 0 0, L_0x5677ce989740;  1 drivers
v0x5677ce989060_0 .net "Sum", 0 0, L_0x5677ce989240;  1 drivers
S_0x5677ce96c920 .scope module, "dut" "full_adder" 2 9, 3 4 0, S_0x5677ce96c790;
 .timescale -9 -12;
    .port_info 0 /INPUT 1 "A";
    .port_info 1 /INPUT 1 "B";
    .port_info 2 /INPUT 1 "Cin";
    .port_info 3 /OUTPUT 1 "Sum";
    .port_info 4 /OUTPUT 1 "Cout";
L_0x5677ce989100 .functor XOR 1, v0x5677ce988d00_0, v0x5677ce988dc0_0, C4<0>, C4<0>;
L_0x5677ce989240 .functor XOR 1, L_0x5677ce989100, v0x5677ce988e90_0, C4<0>, C4<0>;
L_0x5677ce9893a0 .functor AND 1, v0x5677ce988d00_0, v0x5677ce988dc0_0, C4<1>, C4<1>;
L_0x5677ce989410 .functor AND 1, v0x5677ce988dc0_0, v0x5677ce988e90_0, C4<1>, C4<1>;
L_0x5677ce9894b0 .functor OR 1, L_0x5677ce9893a0, L_0x5677ce989410, C4<0>, C4<0>;
L_0x5677ce989570 .functor AND 1, v0x5677ce988d00_0, v0x5677ce988e90_0, C4<1>, C4<1>;
L_0x5677ce989740 .functor OR 1, L_0x5677ce9894b0, L_0x5677ce989570, C4<0>, C4<0>;
v0x5677ce96cb00_0 .net "A", 0 0, v0x5677ce988d00_0;  1 drivers
v0x5677ce9884d0_0 .net "B", 0 0, v0x5677ce988dc0_0;  1 drivers
v0x5677ce988590_0 .net "Cin", 0 0, v0x5677ce988e90_0;  1 drivers
v0x5677ce988630_0 .net "Cout", 0 0, L_0x5677ce989740;  alias, 1 drivers
v0x5677ce9886f0_0 .net "Sum", 0 0, L_0x5677ce989240;  alias, 1 drivers
v0x5677ce988800_0 .net *"_ivl_0", 0 0, L_0x5677ce989100;  1 drivers
v0x5677ce9888e0_0 .net *"_ivl_10", 0 0, L_0x5677ce989570;  1 drivers
v0x5677ce9889c0_0 .net *"_ivl_4", 0 0, L_0x5677ce9893a0;  1 drivers
v0x5677ce988aa0_0 .net *"_ivl_6", 0 0, L_0x5677ce989410;  1 drivers
v0x5677ce988b80_0 .net *"_ivl_8", 0 0, L_0x5677ce9894b0;  1 drivers
    .scope S_0x5677ce96c790;
T_0 ;
    %vpi_call 2 19 "$display", "A B Cin | Sum Cout" {0 0 0};
    %vpi_call 2 20 "$display", "------------------" {0 0 0};
    %pushi/vec4 0, 0, 1;
    %store/vec4 v0x5677ce988d00_0, 0, 1;
    %pushi/vec4 0, 0, 1;
    %store/vec4 v0x5677ce988dc0_0, 0, 1;
    %pushi/vec4 0, 0, 1;
    %store/vec4 v0x5677ce988e90_0, 0, 1;
    %delay 10000, 0;
    %vpi_call 2 23 "$display", "%b %b  %b  |  %b    %b", v0x5677ce988d00_0, v0x5677ce988dc0_0, v0x5677ce988e90_0, v0x5677ce989060_0, v0x5677ce988f90_0 {0 0 0};
    %pushi/vec4 0, 0, 1;
    %store/vec4 v0x5677ce988d00_0, 0, 1;
    %pushi/vec4 0, 0, 1;
    %store/vec4 v0x5677ce988dc0_0, 0, 1;
    %pushi/vec4 1, 0, 1;
    %store/vec4 v0x5677ce988e90_0, 0, 1;
    %delay 10000, 0;
    %vpi_call 2 26 "$display", "%b %b  %b  |  %b    %b", v0x5677ce988d00_0, v0x5677ce988dc0_0, v0x5677ce988e90_0, v0x5677ce989060_0, v0x5677ce988f90_0 {0 0 0};
    %pushi/vec4 0, 0, 1;
    %store/vec4 v0x5677ce988d00_0, 0, 1;
    %pushi/vec4 1, 0, 1;
    %store/vec4 v0x5677ce988dc0_0, 0, 1;
    %pushi/vec4 0, 0, 1;
    %store/vec4 v0x5677ce988e90_0, 0, 1;
    %delay 10000, 0;
    %vpi_call 2 29 "$display", "%b %b  %b  |  %b    %b", v0x5677ce988d00_0, v0x5677ce988dc0_0, v0x5677ce988e90_0, v0x5677ce989060_0, v0x5677ce988f90_0 {0 0 0};
    %pushi/vec4 0, 0, 1;
    %store/vec4 v0x5677ce988d00_0, 0, 1;
    %pushi/vec4 1, 0, 1;
    %store/vec4 v0x5677ce988dc0_0, 0, 1;
    %pushi/vec4 1, 0, 1;
    %store/vec4 v0x5677ce988e90_0, 0, 1;
    %delay 10000, 0;
    %vpi_call 2 32 "$display", "%b %b  %b  |  %b    %b", v0x5677ce988d00_0, v0x5677ce988dc0_0, v0x5677ce988e90_0, v0x5677ce989060_0, v0x5677ce988f90_0 {0 0 0};
    %pushi/vec4 1, 0, 1;
    %store/vec4 v0x5677ce988d00_0, 0, 1;
    %pushi/vec4 0, 0, 1;
    %store/vec4 v0x5677ce988dc0_0, 0, 1;
    %pushi/vec4 0, 0, 1;
    %store/vec4 v0x5677ce988e90_0, 0, 1;
    %delay 10000, 0;
    %vpi_call 2 35 "$display", "%b %b  %b  |  %b    %b", v0x5677ce988d00_0, v0x5677ce988dc0_0, v0x5677ce988e90_0, v0x5677ce989060_0, v0x5677ce988f90_0 {0 0 0};
    %pushi/vec4 1, 0, 1;
    %store/vec4 v0x5677ce988d00_0, 0, 1;
    %pushi/vec4 0, 0, 1;
    %store/vec4 v0x5677ce988dc0_0, 0, 1;
    %pushi/vec4 1, 0, 1;
    %store/vec4 v0x5677ce988e90_0, 0, 1;
    %delay 10000, 0;
    %vpi_call 2 38 "$display", "%b %b  %b  |  %b    %b", v0x5677ce988d00_0, v0x5677ce988dc0_0, v0x5677ce988e90_0, v0x5677ce989060_0, v0x5677ce988f90_0 {0 0 0};
    %pushi/vec4 1, 0, 1;
    %store/vec4 v0x5677ce988d00_0, 0, 1;
    %pushi/vec4 1, 0, 1;
    %store/vec4 v0x5677ce988dc0_0, 0, 1;
    %pushi/vec4 0, 0, 1;
    %store/vec4 v0x5677ce988e90_0, 0, 1;
    %delay 10000, 0;
    %vpi_call 2 41 "$display", "%b %b  %b  |  %b    %b", v0x5677ce988d00_0, v0x5677ce988dc0_0, v0x5677ce988e90_0, v0x5677ce989060_0, v0x5677ce988f90_0 {0 0 0};
    %pushi/vec4 1, 0, 1;
    %store/vec4 v0x5677ce988d00_0, 0, 1;
    %pushi/vec4 1, 0, 1;
    %store/vec4 v0x5677ce988dc0_0, 0, 1;
    %pushi/vec4 1, 0, 1;
    %store/vec4 v0x5677ce988e90_0, 0, 1;
    %delay 10000, 0;
    %vpi_call 2 44 "$display", "%b %b  %b  |  %b    %b", v0x5677ce988d00_0, v0x5677ce988dc0_0, v0x5677ce988e90_0, v0x5677ce989060_0, v0x5677ce988f90_0 {0 0 0};
    %vpi_call 2 46 "$finish" {0 0 0};
    %end;
    .thread T_0;
# The file index is used to find the file name in the following table.
:file_names 4;
    "N/A";
    "<interactive>";
    "tb_fulladder.v";
    "fulladder.v";
